==113951== Memcheck, a memory error detector
==113951== Copyright (C) 2002-2017, and GNU GPL'd, by Julian Seward et al.
==113951== Using Valgrind-3.13.0 and LibVEX; rerun with -h for copyright info
==113951== Command: ./TestAssignment2_Valgrind
==113951== Parent PID: 113944
==113951== 
--113951-- 
--113951-- Valgrind options:
--113951--    --leak-check=full
--113951--    --show-leak-kinds=all
--113951--    --track-origins=yes
--113951--    --log-file=Assignment2_C_Data_Structures-Assignment2-valgrind.log
--113951--    --verbose
--113951-- Contents of /proc/version:
--113951--   Linux version 3.10.0-957.27.2.el7.x86_64 (mockbuild@kbuilder.bsys.centos.org) (gcc version 4.8.5 20150623 (Red Hat 4.8.5-36) (GCC) ) #1 SMP Mon Jul 29 17:46:05 UTC 2019
--113951-- 
--113951-- Arch and hwcaps: AMD64, LittleEndian, amd64-cx16-lzcnt-rdtscp-sse3-avx-avx2-bmi
--113951-- Page sizes: currently 4096, max supported 4096
--113951-- Valgrind library directory: /usr/lib64/valgrind
--113951-- Reading syms from /home/amitrk/GradingScripts/monorepo-ritvikrao/Assignment2_C_Data_Structures/part1/TestAssignment2_Valgrind
--113951-- Reading syms from /usr/lib64/ld-2.17.so
--113951-- Reading syms from /usr/lib64/valgrind/memcheck-amd64-linux
--113951--    object doesn't have a symbol table
--113951--    object doesn't have a dynamic symbol table
--113951-- Scheduler: using generic scheduler lock implementation.
--113951-- Reading suppressions file: /usr/lib64/valgrind/default.supp
==113951== embedded gdbserver: reading from /tmp/vgdb-pipe-from-vgdb-to-113951-by-amitrk-on-login-students.ccs.neu.edu
==113951== embedded gdbserver: writing to   /tmp/vgdb-pipe-to-vgdb-from-113951-by-amitrk-on-login-students.ccs.neu.edu
==113951== embedded gdbserver: shared mem   /tmp/vgdb-pipe-shared-mem-vgdb-113951-by-amitrk-on-login-students.ccs.neu.edu
==113951== 
==113951== TO CONTROL THIS PROCESS USING vgdb (which you probably
==113951== don't want to do, unless you know exactly what you're doing,
==113951== or are doing some strange experiment):
==113951==   /usr/lib64/valgrind/../../bin/vgdb --pid=113951 ...command...
==113951== 
==113951== TO DEBUG THIS PROCESS USING GDB: start GDB like this
==113951==   /path/to/gdb ./TestAssignment2_Valgrind
==113951== and then give GDB the following command
==113951==   target remote | /usr/lib64/valgrind/../../bin/vgdb --pid=113951
==113951== --pid is optional if only one valgrind process is running
==113951== 
--113951-- REDIR: 0x4019d60 (ld-linux-x86-64.so.2:strlen) redirected to 0x58059dd1 (???)
--113951-- REDIR: 0x4019b30 (ld-linux-x86-64.so.2:index) redirected to 0x58059deb (???)
--113951-- Reading syms from /usr/lib64/valgrind/vgpreload_core-amd64-linux.so
--113951-- Reading syms from /usr/lib64/valgrind/vgpreload_memcheck-amd64-linux.so
==113951== WARNING: new redirection conflicts with existing -- ignoring it
--113951--     old: 0x04019d60 (strlen              ) R-> (0000.0) 0x58059dd1 ???
--113951--     new: 0x04019d60 (strlen              ) R-> (2007.0) 0x04c2ca70 strlen
--113951-- REDIR: 0x4019ce0 (ld-linux-x86-64.so.2:strcmp) redirected to 0x4c2dbc0 (strcmp)
--113951-- REDIR: 0x401a9a0 (ld-linux-x86-64.so.2:mempcpy) redirected to 0x4c30c40 (mempcpy)
--113951-- Reading syms from /usr/lib64/libc-2.17.so
--113951-- REDIR: 0x4ec5880 (libc.so.6:strcasecmp) redirected to 0x4a24740 (_vgnU_ifunc_wrapper)
--113951-- REDIR: 0x4ec2600 (libc.so.6:strnlen) redirected to 0x4a24740 (_vgnU_ifunc_wrapper)
--113951-- REDIR: 0x4ec7b50 (libc.so.6:strncasecmp) redirected to 0x4a24740 (_vgnU_ifunc_wrapper)
--113951-- REDIR: 0x4ec5060 (libc.so.6:memset) redirected to 0x4a24740 (_vgnU_ifunc_wrapper)
--113951-- REDIR: 0x4ec5010 (libc.so.6:memcpy@GLIBC_2.2.5) redirected to 0x4a24740 (_vgnU_ifunc_wrapper)
--113951-- REDIR: 0x4ec3ff0 (libc.so.6:__GI_strrchr) redirected to 0x4c2c430 (__GI_strrchr)
--113951-- REDIR: 0x4ebb2e0 (libc.so.6:malloc) redirected to 0x4c29b3c (malloc)
--113951-- REDIR: 0x4ecbb10 (libc.so.6:strchrnul) redirected to 0x4c30760 (strchrnul)
--113951-- REDIR: 0x4ec5230 (libc.so.6:__GI_mempcpy) redirected to 0x4c30970 (__GI_mempcpy)
--113951-- REDIR: 0x4ebb700 (libc.so.6:free) redirected to 0x4c2ac36 (free)
==113951== 
==113951== HEAP SUMMARY:
==113951==     in use at exit: 0 bytes in 0 blocks
==113951==   total heap usage: 2 allocs, 2 frees, 28 bytes allocated
==113951== 
==113951== All heap blocks were freed -- no leaks are possible
==113951== 
==113951== ERROR SUMMARY: 0 errors from 0 contexts (suppressed: 0 from 0)
==113951== ERROR SUMMARY: 0 errors from 0 contexts (suppressed: 0 from 0)
